Command line:
   cla_adder_4bit_tb_isim_beh.exe
     -simmode  gui
     -simrunnum  0
     -socket  34873

Wed Aug 31 14:42:00 2022


 Elaboration Time: 0.01 sec

 Current Memory Usage: 184.136 Meg

 Total Signals          : 23
 Total Nets             : 39
 Total Signal Drivers   : 16
 Total Blocks           : 3
 Total Primitive Blocks : 2
 Total Processes        : 18
 Total Traceable Variables  : 21
 Total Scalar Nets and Variables : 128
Total Line Count : 29

 Total Simulation Time: 0.01 sec

 Current Memory Usage: 259.637 Meg

Wed Aug 31 14:42:08 2022

