Release 14.7 - xst P.20131013 (lin64)
Copyright (c) 1995-2013 Xilinx, Inc.  All rights reserved.
--> 
Parameter TMPDIR set to xst/projnav.tmp


Total REAL time to Xst completion: 0.00 secs
Total CPU time to Xst completion: 0.01 secs
 
--> 
Parameter xsthdpdir set to xst


Total REAL time to Xst completion: 0.00 secs
Total CPU time to Xst completion: 0.01 secs
 
--> 
Reading design: cla_16bit_ripple.prj

TABLE OF CONTENTS
  1) Synthesis Options Summary
  2) HDL Parsing
  3) HDL Elaboration
  4) HDL Synthesis
       4.1) HDL Synthesis Report
  5) Advanced HDL Synthesis
       5.1) Advanced HDL Synthesis Report
  6) Low Level Synthesis
  7) Partition Report
  8) Design Summary
       8.1) Primitive and Black Box Usage
       8.2) Device utilization summary
       8.3) Partition Resource Summary
       8.4) Timing Report
            8.4.1) Clock Information
            8.4.2) Asynchronous Control Signals Information
            8.4.3) Timing Summary
            8.4.4) Timing Details
            8.4.5) Cross Clock Domains Report


=========================================================================
*                      Synthesis Options Summary                        *
=========================================================================
---- Source Parameters
Input File Name                    : "cla_16bit_ripple.prj"
Ignore Synthesis Constraint File   : NO

---- Target Parameters
Output File Name                   : "cla_16bit_ripple"
Output Format                      : NGC
Target Device                      : xc7a100t-1-csg324

---- Source Options
Top Module Name                    : cla_16bit_ripple
Automatic FSM Extraction           : YES
FSM Encoding Algorithm             : Auto
Safe Implementation                : No
FSM Style                          : LUT
RAM Extraction                     : Yes
RAM Style                          : Auto
ROM Extraction                     : Yes
Shift Register Extraction          : YES
ROM Style                          : Auto
Resource Sharing                   : YES
Asynchronous To Synchronous        : NO
Shift Register Minimum Size        : 2
Use DSP Block                      : Auto
Automatic Register Balancing       : No

---- Target Options
LUT Combining                      : Auto
Reduce Control Sets                : Auto
Add IO Buffers                     : YES
Global Maximum Fanout              : 100000
Add Generic Clock Buffer(BUFG)     : 32
Register Duplication               : YES
Optimize Instantiated Primitives   : NO
Use Clock Enable                   : Auto
Use Synchronous Set                : Auto
Use Synchronous Reset              : Auto
Pack IO Registers into IOBs        : Auto
Equivalent register Removal        : YES

---- General Options
Optimization Goal                  : Speed
Optimization Effort                : 1
Power Reduction                    : NO
Keep Hierarchy                     : Yes
Netlist Hierarchy                  : As_Optimized
RTL Output                         : Yes
Global Optimization                : AllClockNets
Read Cores                         : YES
Write Timing Constraints           : NO
Cross Clock Analysis               : NO
Hierarchy Separator                : /
Bus Delimiter                      : <>
Case Specifier                     : Maintain
Slice Utilization Ratio            : 100
BRAM Utilization Ratio             : 100
DSP48 Utilization Ratio            : 100
Auto BRAM Packing                  : NO
Slice Utilization Ratio Delta      : 5

=========================================================================


=========================================================================
*                          HDL Parsing                                  *
=========================================================================
Analyzing Verilog file "/home/shreyas/Xilinx/14.7/ISE_DS/xilinx_progs/CLA/CLA/cla_adder_4bit.v" into library work
Parsing module <cla_adder_4bit>.
Analyzing Verilog file "/home/shreyas/Xilinx/14.7/ISE_DS/xilinx_progs/CLA/CLA/cla_16bit_ripple.v" into library work
Parsing module <cla_16bit_ripple>.

=========================================================================
*                            HDL Elaboration                            *
=========================================================================

Elaborating module <cla_16bit_ripple>.

Elaborating module <cla_adder_4bit>.

=========================================================================
*                           HDL Synthesis                               *
=========================================================================

Synthesizing Unit <cla_16bit_ripple>.
    Related source file is "/home/shreyas/Xilinx/14.7/ISE_DS/xilinx_progs/CLA/CLA/cla_16bit_ripple.v".
    Summary:
	no macro.
Unit <cla_16bit_ripple> synthesized.

Synthesizing Unit <cla_adder_4bit>.
    Related source file is "/home/shreyas/Xilinx/14.7/ISE_DS/xilinx_progs/CLA/CLA/cla_adder_4bit.v".
    Summary:
Unit <cla_adder_4bit> synthesized.

=========================================================================
HDL Synthesis Report

Macro Statistics
# Xors                                                 : 8
 4-bit xor2                                            : 8

=========================================================================

=========================================================================
*                       Advanced HDL Synthesis                          *
=========================================================================


=========================================================================
Advanced HDL Synthesis Report

Macro Statistics
# Xors                                                 : 8
 4-bit xor2                                            : 8

=========================================================================

=========================================================================
*                         Low Level Synthesis                           *
=========================================================================

Optimizing unit <cla_16bit_ripple> ...

Optimizing unit <cla_adder_4bit> ...

Mapping all equations...
Building and optimizing final netlist ...
Found area constraint ratio of 100 (+ 5) on block cla_16bit_ripple, actual ratio is 0.

Final Macro Processing ...

=========================================================================
Final Register Report

Found no macro
=========================================================================

=========================================================================
*                           Partition Report                            *
=========================================================================

Partition Implementation Status
-------------------------------

  No Partitions were found in this design.

-------------------------------

=========================================================================
*                            Design Summary                             *
=========================================================================

Top Level Output File Name         : cla_16bit_ripple.ngc

Primitive and Black Box Usage:
------------------------------
# BELS                             : 28
#      LUT3                        : 16
#      LUT5                        : 12
# IO Buffers                       : 50
#      IBUF                        : 33
#      OBUF                        : 17

Device utilization summary:
---------------------------

Selected Device : 7a100tcsg324-1 


Slice Logic Utilization: 
 Number of Slice LUTs:                   28  out of  63400     0%  
    Number used as Logic:                28  out of  63400     0%  

Slice Logic Distribution: 
 Number of LUT Flip Flop pairs used:     28
   Number with an unused Flip Flop:      28  out of     28   100%  
   Number with an unused LUT:             0  out of     28     0%  
   Number of fully used LUT-FF pairs:     0  out of     28     0%  
   Number of unique control sets:         0

IO Utilization: 
 Number of IOs:                          50
 Number of bonded IOBs:                  50  out of    210    23%  

Specific Feature Utilization:

---------------------------
Partition Resource Summary:
---------------------------

  No Partitions were found in this design.

---------------------------


=========================================================================
Timing Report

NOTE: THESE TIMING NUMBERS ARE ONLY A SYNTHESIS ESTIMATE.
      FOR ACCURATE TIMING INFORMATION PLEASE REFER TO THE TRACE REPORT
      GENERATED AFTER PLACE-and-ROUTE.

Clock Information:
------------------
No clock signals found in this design

Asynchronous Control Signals Information:
----------------------------------------
No asynchronous control signals found in this design

Timing Summary:
---------------
Speed Grade: -1

   Minimum period: No path found
   Minimum input arrival time before clock: No path found
   Maximum output required time after clock: No path found
   Maximum combinational path delay: 8.094ns

Timing Details:
---------------
All values displayed in nanoseconds (ns)

=========================================================================
Timing constraint: Default path analysis
  Total number of paths / destination ports: 321 / 17
-------------------------------------------------------------------------
Delay:               8.094ns (Levels of Logic = 18)
  Source:            in1<0> (PAD)
  Destination:       sum<15> (PAD)

  Data Path: in1<0> to sum<15>
                                Gate     Net
    Cell:in->out      fanout   Delay   Delay  Logical Name (Net Name)
    ----------------------------------------  ------------
     IBUF:I->O             3   0.001   0.730  in1_0_IBUF (in1_0_IBUF)
     begin scope: 'cla_4bit_1:in1<0>'
     LUT3:I0->O            2   0.124   0.542  Mxor_sum_1_xo<0>11 (Mxor_sum_1_xo<0>1)
     LUT5:I3->O            2   0.124   0.427  carry<3>1 (carry<3>)
     LUT3:I2->O            3   0.124   0.435  cout1 (cout)
     end scope: 'cla_4bit_1:cout'
     begin scope: 'cla_4bit_2:cin'
     LUT3:I2->O            2   0.124   0.542  Mxor_sum_1_xo<0>11 (Mxor_sum_1_xo<0>1)
     LUT5:I3->O            2   0.124   0.427  carry<3>1 (carry<3>)
     LUT3:I2->O            3   0.124   0.435  cout1 (cout)
     end scope: 'cla_4bit_2:cout'
     begin scope: 'cla_4bit_3:cin'
     LUT3:I2->O            2   0.124   0.542  Mxor_sum_1_xo<0>11 (Mxor_sum_1_xo<0>1)
     LUT5:I3->O            2   0.124   0.427  carry<3>1 (carry<3>)
     LUT3:I2->O            3   0.124   0.435  cout1 (cout)
     end scope: 'cla_4bit_3:cout'
     begin scope: 'cla_4bit_4:cin'
     LUT3:I2->O            2   0.124   0.542  Mxor_sum_1_xo<0>11 (Mxor_sum_1_xo<0>1)
     LUT5:I3->O            2   0.124   0.722  carry<3>1 (carry<3>)
     LUT3:I0->O            1   0.124   0.399  Mxor_sum_3_xo<0>1 (sum<3>)
     end scope: 'cla_4bit_4:sum<3>'
     OBUF:I->O                 0.000          sum_15_OBUF (sum<15>)
    ----------------------------------------
    Total                      8.094ns (1.489ns logic, 6.605ns route)
                                       (18.4% logic, 81.6% route)

=========================================================================

Cross Clock Domains Report:
--------------------------

=========================================================================


Total REAL time to Xst completion: 6.00 secs
Total CPU time to Xst completion: 5.52 secs
 
--> 


Total memory usage is 479664 kilobytes

Number of errors   :    0 (   0 filtered)
Number of warnings :    0 (   0 filtered)
Number of infos    :    0 (   0 filtered)

