ISim log file
Running: /home/nyati_pranav26/Pranav/SEM 5/COA_LAB/CLA/cla_16bit_LCU_tb_isim_beh.exe -intstyle ise -gui -tclbatch isim.cmd -wdb /home/nyati_pranav26/Pranav/SEM 5/COA_LAB/CLA/cla_16bit_LCU_tb_isim_beh.wdb 
INFO: There is another simulation running in the same directory. Using database file name isim1.wdb.
ISim P.20131013 (signature 0xfbc00daa)
----------------------------------------------------------------------
INFO:Security:51 - The XILINXD_LICENSE_FILE environment variable is not set.
INFO:Security:53 - The LM_LICENSE_FILE environment variable is not set.
INFO:Security:68a - user is nyati_pranav26, on host unknown.
WARNING:Security:43 - No license file was found in the standard Xilinx license directory.
WARNING:Security:44 - Since no license file was found,
       please run the Xilinx License Configuration Manager
       (xlcm or "Manage Xilinx Licenses")
       to assist in obtaining a license.
ERROR:Security:14 - No feature was available for 'ISIM'.

No such feature exists.
Feature:       ISIM
License path:  /home/nyati_pranav26/.Xilinx/*.lic:/opt/Xilinx/14.7/ISE_DS/ISE//data/*.lic:/opt/Xilinx/14.7/ISE_DS/ISE//coregen/core_licenses/Xilinx.lic:/opt/Xilinx/14.7/ISE_DS/ISE//coregen/core_licenses/XilinxFree.lic:/opt/Xilinx/14.7/ISE_DS/EDK/data/core_licenses/Xilinx.lic:
FLEXnet Licensing error:-5,357
For further information, refer to the FLEXnet Licensing documentation,
available at "www.flexerasoftware.com".
----------------------------------------------------------------------
WARNING: A full ISim License cannot be checked out due to the issues listed above. Please use Xilinx License Configuration Manager to fix these issues in order to check out a full ISim license.
WARNING: ISim will run in Lite mode. Please refer to the ISim documentation for more information on the differences between the Lite and the Full version.
This is a Lite version of ISim.
Time resolution is 1 ps
# onerror resume
# wave add /
# run 1000 ns
Simulator is doing circuit initialization process.
Finished circuit initialization process.
in1 =     0, in2 =     0, cin = 0, sum =     0, cout = 0, P_16bit_block = 0, G_16bit_block = 0
in1 = 30037, in2 = 30049, cin = 0, sum = 60086, cout = 0, P_16bit_block = 0, G_16bit_block = 0
in1 =  1024, in2 =  2048, cin = 0, sum =  3072, cout = 0, P_16bit_block = 0, G_16bit_block = 0
in1 = 32768, in2 = 65535, cin = 0, sum = 32767, cout = 1, P_16bit_block = 0, G_16bit_block = 1
in1 = 65535, in2 = 65535, cin = 0, sum = 65534, cout = 1, P_16bit_block = 0, G_16bit_block = 1
in1 =   462, in2 =   391, cin = 0, sum =   853, cout = 0, P_16bit_block = 0, G_16bit_block = 0
in1 =   462, in2 =   391, cin = 1, sum =   854, cout = 0, P_16bit_block = 0, G_16bit_block = 0
Stopped at time : 350 ns : File "/home/nyati_pranav26/Pranav/SEM 5/COA_LAB/CLA/cla_16bit_LCU_tb.v" Line 59
# exit 0
# exit 0
