Release 14.7 Map P.20131013 (lin64)
Xilinx Mapping Report File for Design 'adder_32_bit'

Design Information
------------------
Command Line   : map -intstyle ise -p xc7a100t-csg324-1 -w -logic_opt off -ol
high -t 1 -xt 0 -register_duplication off -r 4 -mt off -ir off -pr off -lc off
-power off -o adder_32_bit_map.ncd adder_32_bit.ngd adder_32_bit.pcf 
Target Device  : xc7a100t
Target Package : csg324
Target Speed   : -1
Mapper Version : artix7 -- $Revision: 1.55 $
Mapped Date    : Fri Oct 28 08:28:16 2022

Design Summary
--------------
Number of errors   :   1
Number of warnings :   0

Section 1 - Errors
------------------
ERROR:Security:9c - No 'ISE' nor 'WebPack' feature version 2013.10 was available
for part 'xc7a100t'.
ERROR:Map:258 - A problem was encountered attempting to get the license for this
   architecture.



Section 2 - Warnings
--------------------
WARNING:Security:43 - No license file was found in the standard Xilinx license
directory.
WARNING:Security:44 - Since no license file was found,

Section 3 - Informational
-------------------------
INFO:Security:51 - The XILINXD_LICENSE_FILE environment variable is not set.
INFO:Security:53 - The LM_LICENSE_FILE environment variable is not set.
INFO:Security:54 - 'xc7a100t' is a WebPack part.
INFO:Security:68a - user is nyati_pranav26, on host unknown.
