Release 14.7 - xst P.20131013 (lin64)
Copyright (c) 1995-2013 Xilinx, Inc.  All rights reserved.
--> 
Parameter TMPDIR set to xst/projnav.tmp


Total REAL time to Xst completion: 0.00 secs
Total CPU time to Xst completion: 0.05 secs
 
--> 
Parameter xsthdpdir set to xst


Total REAL time to Xst completion: 0.00 secs
Total CPU time to Xst completion: 0.05 secs
 
--> 
Reading design: adder_32_bit.prj

TABLE OF CONTENTS
  1) Synthesis Options Summary
  2) HDL Parsing
  3) HDL Elaboration
  4) HDL Synthesis
       4.1) HDL Synthesis Report
  5) Advanced HDL Synthesis
       5.1) Advanced HDL Synthesis Report
  6) Low Level Synthesis
  7) Partition Report
  8) Design Summary
       8.1) Primitive and Black Box Usage
       8.2) Device utilization summary
       8.3) Partition Resource Summary
       8.4) Timing Report
            8.4.1) Clock Information
            8.4.2) Asynchronous Control Signals Information
            8.4.3) Timing Summary
            8.4.4) Timing Details
            8.4.5) Cross Clock Domains Report


=========================================================================
*                      Synthesis Options Summary                        *
=========================================================================
---- Source Parameters
Input File Name                    : "adder_32_bit.prj"
Ignore Synthesis Constraint File   : NO

---- Target Parameters
Output File Name                   : "adder_32_bit"
Output Format                      : NGC
Target Device                      : xc7a100t-1-csg324

---- Source Options
Top Module Name                    : adder_32_bit
Automatic FSM Extraction           : YES
FSM Encoding Algorithm             : Auto
Safe Implementation                : No
FSM Style                          : LUT
RAM Extraction                     : Yes
RAM Style                          : Auto
ROM Extraction                     : Yes
Shift Register Extraction          : YES
ROM Style                          : Auto
Resource Sharing                   : YES
Asynchronous To Synchronous        : NO
Shift Register Minimum Size        : 2
Use DSP Block                      : Auto
Automatic Register Balancing       : No

---- Target Options
LUT Combining                      : Auto
Reduce Control Sets                : Auto
Add IO Buffers                     : YES
Global Maximum Fanout              : 100000
Add Generic Clock Buffer(BUFG)     : 32
Register Duplication               : YES
Optimize Instantiated Primitives   : NO
Use Clock Enable                   : Auto
Use Synchronous Set                : Auto
Use Synchronous Reset              : Auto
Pack IO Registers into IOBs        : Auto
Equivalent register Removal        : YES

---- General Options
Optimization Goal                  : Speed
Optimization Effort                : 1
Power Reduction                    : NO
Keep Hierarchy                     : No
Netlist Hierarchy                  : As_Optimized
RTL Output                         : Yes
Global Optimization                : AllClockNets
Read Cores                         : YES
Write Timing Constraints           : NO
Cross Clock Analysis               : NO
Hierarchy Separator                : /
Bus Delimiter                      : <>
Case Specifier                     : Maintain
Slice Utilization Ratio            : 100
BRAM Utilization Ratio             : 100
DSP48 Utilization Ratio            : 100
Auto BRAM Packing                  : NO
Slice Utilization Ratio Delta      : 5

=========================================================================


=========================================================================
*                          HDL Parsing                                  *
=========================================================================
Analyzing Verilog file "/home/nyati_pranav26/Pranav/SEM 5/COA_LAB/A5/KGP_miniRISC/lookahead_carry_unit.v" into library work
Parsing module <lookahead_carry_unit>.
Analyzing Verilog file "/home/nyati_pranav26/Pranav/SEM 5/COA_LAB/A5/KGP_miniRISC/cla_4_bit.v" into library work
Parsing module <cla_4_bit>.
Analyzing Verilog file "/home/nyati_pranav26/Pranav/SEM 5/COA_LAB/A5/KGP_miniRISC/cla_16_bit_LCU.v" into library work
Parsing module <cla_16bit_LCU>.
Analyzing Verilog file "/home/nyati_pranav26/Pranav/SEM 5/COA_LAB/A5/KGP_miniRISC/adder_32_bit.v" into library work
Parsing module <adder_32_bit>.

=========================================================================
*                            HDL Elaboration                            *
=========================================================================

Elaborating module <adder_32_bit>.

Elaborating module <cla_16bit_LCU>.

Elaborating module <cla_4_bit>.

Elaborating module <lookahead_carry_unit>.

=========================================================================
*                           HDL Synthesis                               *
=========================================================================

Synthesizing Unit <adder_32_bit>.
    Related source file is "/home/nyati_pranav26/Pranav/SEM 5/COA_LAB/A5/KGP_miniRISC/adder_32_bit.v".
INFO:Xst:3210 - "/home/nyati_pranav26/Pranav/SEM 5/COA_LAB/A5/KGP_miniRISC/adder_32_bit.v" line 30: Output port <P_16bit> of the instance <cla_16bit_1> is unconnected or connected to loadless signal.
INFO:Xst:3210 - "/home/nyati_pranav26/Pranav/SEM 5/COA_LAB/A5/KGP_miniRISC/adder_32_bit.v" line 30: Output port <G_16bit> of the instance <cla_16bit_1> is unconnected or connected to loadless signal.
INFO:Xst:3210 - "/home/nyati_pranav26/Pranav/SEM 5/COA_LAB/A5/KGP_miniRISC/adder_32_bit.v" line 32: Output port <P_16bit> of the instance <cla_16bit_2> is unconnected or connected to loadless signal.
INFO:Xst:3210 - "/home/nyati_pranav26/Pranav/SEM 5/COA_LAB/A5/KGP_miniRISC/adder_32_bit.v" line 32: Output port <G_16bit> of the instance <cla_16bit_2> is unconnected or connected to loadless signal.
    Summary:
	no macro.
Unit <adder_32_bit> synthesized.

Synthesizing Unit <cla_16bit_LCU>.
    Related source file is "/home/nyati_pranav26/Pranav/SEM 5/COA_LAB/A5/KGP_miniRISC/cla_16_bit_LCU.v".
    Summary:
	no macro.
Unit <cla_16bit_LCU> synthesized.

Synthesizing Unit <cla_4_bit>.
    Related source file is "/home/nyati_pranav26/Pranav/SEM 5/COA_LAB/A5/KGP_miniRISC/cla_4_bit.v".
    Summary:
Unit <cla_4_bit> synthesized.

Synthesizing Unit <lookahead_carry_unit>.
    Related source file is "/home/nyati_pranav26/Pranav/SEM 5/COA_LAB/A5/KGP_miniRISC/lookahead_carry_unit.v".
    Summary:
	no macro.
Unit <lookahead_carry_unit> synthesized.

=========================================================================
HDL Synthesis Report

Macro Statistics
# Xors                                                 : 16
 4-bit xor2                                            : 16

=========================================================================

=========================================================================
*                       Advanced HDL Synthesis                          *
=========================================================================


=========================================================================
Advanced HDL Synthesis Report

Macro Statistics
# Xors                                                 : 16
 4-bit xor2                                            : 16

=========================================================================

=========================================================================
*                         Low Level Synthesis                           *
=========================================================================

Optimizing unit <adder_32_bit> ...

Mapping all equations...
Building and optimizing final netlist ...
Found area constraint ratio of 100 (+ 5) on block adder_32_bit, actual ratio is 0.

Final Macro Processing ...

=========================================================================
Final Register Report

Found no macro
=========================================================================

=========================================================================
*                           Partition Report                            *
=========================================================================

Partition Implementation Status
-------------------------------

  No Partitions were found in this design.

-------------------------------

=========================================================================
*                            Design Summary                             *
=========================================================================

Top Level Output File Name         : adder_32_bit.ngc

Primitive and Black Box Usage:
------------------------------
# BELS                             : 78
#      LUT2                        : 4
#      LUT3                        : 10
#      LUT4                        : 14
#      LUT5                        : 20
#      LUT6                        : 30
# IO Buffers                       : 98
#      IBUF                        : 65
#      OBUF                        : 33

Device utilization summary:
---------------------------

Selected Device : 7a100tcsg324-1 


Slice Logic Utilization: 
 Number of Slice LUTs:                   78  out of  63400     0%  
    Number used as Logic:                78  out of  63400     0%  

Slice Logic Distribution: 
 Number of LUT Flip Flop pairs used:     78
   Number with an unused Flip Flop:      78  out of     78   100%  
   Number with an unused LUT:             0  out of     78     0%  
   Number of fully used LUT-FF pairs:     0  out of     78     0%  
   Number of unique control sets:         0

IO Utilization: 
 Number of IOs:                          98
 Number of bonded IOBs:                  98  out of    210    46%  

Specific Feature Utilization:

---------------------------
Partition Resource Summary:
---------------------------

  No Partitions were found in this design.

---------------------------


=========================================================================
Timing Report

NOTE: THESE TIMING NUMBERS ARE ONLY A SYNTHESIS ESTIMATE.
      FOR ACCURATE TIMING INFORMATION PLEASE REFER TO THE TRACE REPORT
      GENERATED AFTER PLACE-and-ROUTE.

Clock Information:
------------------
No clock signals found in this design

Asynchronous Control Signals Information:
----------------------------------------
No asynchronous control signals found in this design

Timing Summary:
---------------
Speed Grade: -1

   Minimum period: No path found
   Minimum input arrival time before clock: No path found
   Maximum output required time after clock: No path found
   Maximum combinational path delay: 13.673ns

Timing Details:
---------------
All values displayed in nanoseconds (ns)

=========================================================================
Timing constraint: Default path analysis
  Total number of paths / destination ports: 1925 / 33
-------------------------------------------------------------------------
Delay:               13.673ns (Levels of Logic = 16)
  Source:            in1_32bit<0> (PAD)
  Destination:       sum_32bit<30> (PAD)

  Data Path: in1_32bit<0> to sum_32bit<30>
                                Gate     Net
    Cell:in->out      fanout   Delay   Delay  Logical Name (Net Name)
    ----------------------------------------  ------------
     IBUF:I->O             5   0.001   0.803  in1_32bit_0_IBUF (in1_32bit_0_IBUF)
     LUT4:I0->O            3   0.124   0.730  cla_16bit_1/cla_1/g[0]_p[1]_AND_10_o1 (cla_16bit_1/cla_1/g[0]_p[1]_AND_10_o)
     LUT6:I3->O            4   0.124   0.736  cla_16bit_1/lcu_1/c_array<1> (cla_16bit_1/carry<1>)
     LUT5:I2->O            1   0.124   0.536  cla_16bit_1/lcu_1/c_array<2><1>_SW0 (N8)
     LUT6:I4->O            3   0.124   0.933  cla_16bit_1/lcu_1/c_array<2><1> (cla_16bit_1/carry<2>)
     LUT5:I0->O            3   0.124   0.730  cla_16bit_1/lcu_1/c_array<3><2>41 (cla_16bit_1/lcu_1/c_array<3><2>4)
     LUT6:I3->O            3   0.124   0.933  cla_16bit_1/lcu_1/c_array<3><2> (cla_16bit_1/carry<3>)
     LUT5:I0->O            3   0.124   0.730  cla_16bit_1/lcu_1/cout_16bit41 (cla_16bit_1/lcu_1/cout_16bit4)
     LUT6:I3->O            5   0.124   0.946  cla_16bit_1/lcu_1/cout_16bit (carry_16bit)
     LUT5:I0->O            4   0.124   0.939  cla_16bit_2/lcu_1/c_array<1>3 (cla_16bit_2/carry<1>)
     LUT5:I0->O            2   0.124   0.925  cla_16bit_2/lcu_1/c_array<2><1>3 (cla_16bit_2/carry<2>)
     LUT5:I0->O            3   0.124   0.730  cla_16bit_2/lcu_1/c_array<3><2>41 (cla_16bit_2/lcu_1/c_array<3><2>4)
     LUT6:I3->O            3   0.124   0.933  cla_16bit_2/lcu_1/c_array<3><2>2 (cla_16bit_2/carry<3>)
     LUT5:I0->O            3   0.124   0.933  cla_16bit_2/lcu_1/cout_16bit41 (cla_16bit_2/lcu_1/cout_16bit4)
     LUT6:I1->O            1   0.124   0.399  cla_16bit_2/cla_4/Mxor_sum_4bit_2_xo<0>1 (sum_32bit_30_OBUF)
     OBUF:I->O                 0.000          sum_32bit_30_OBUF (sum_32bit<30>)
    ----------------------------------------
    Total                     13.673ns (1.737ns logic, 11.936ns route)
                                       (12.7% logic, 87.3% route)

=========================================================================

Cross Clock Domains Report:
--------------------------

=========================================================================


Total REAL time to Xst completion: 6.00 secs
Total CPU time to Xst completion: 5.66 secs
 
--> 


Total memory usage is 479832 kilobytes

Number of errors   :    0 (   0 filtered)
Number of warnings :    0 (   0 filtered)
Number of infos    :    4 (   0 filtered)

