Release 14.7 - xst P.20131013 (lin64)
Copyright (c) 1995-2013 Xilinx, Inc.  All rights reserved.
--> 
Parameter TMPDIR set to xst/projnav.tmp


Total REAL time to Xst completion: 0.00 secs
Total CPU time to Xst completion: 0.02 secs
 
--> 
Parameter xsthdpdir set to xst


Total REAL time to Xst completion: 0.00 secs
Total CPU time to Xst completion: 0.02 secs
 
--> 
Reading design: cla_16bit_LCU.prj

TABLE OF CONTENTS
  1) Synthesis Options Summary
  2) HDL Parsing
  3) HDL Elaboration
  4) HDL Synthesis
       4.1) HDL Synthesis Report
  5) Advanced HDL Synthesis
       5.1) Advanced HDL Synthesis Report
  6) Low Level Synthesis
  7) Partition Report
  8) Design Summary
       8.1) Primitive and Black Box Usage
       8.2) Device utilization summary
       8.3) Partition Resource Summary
       8.4) Timing Report
            8.4.1) Clock Information
            8.4.2) Asynchronous Control Signals Information
            8.4.3) Timing Summary
            8.4.4) Timing Details
            8.4.5) Cross Clock Domains Report


=========================================================================
*                      Synthesis Options Summary                        *
=========================================================================
---- Source Parameters
Input File Name                    : "cla_16bit_LCU.prj"
Ignore Synthesis Constraint File   : NO

---- Target Parameters
Output File Name                   : "cla_16bit_LCU"
Output Format                      : NGC
Target Device                      : xc7a100t-1-csg324

---- Source Options
Top Module Name                    : cla_16bit_LCU
Automatic FSM Extraction           : YES
FSM Encoding Algorithm             : Auto
Safe Implementation                : No
FSM Style                          : LUT
RAM Extraction                     : Yes
RAM Style                          : Auto
ROM Extraction                     : Yes
Shift Register Extraction          : YES
ROM Style                          : Auto
Resource Sharing                   : YES
Asynchronous To Synchronous        : NO
Shift Register Minimum Size        : 2
Use DSP Block                      : Auto
Automatic Register Balancing       : No

---- Target Options
LUT Combining                      : Auto
Reduce Control Sets                : Auto
Add IO Buffers                     : YES
Global Maximum Fanout              : 100000
Add Generic Clock Buffer(BUFG)     : 32
Register Duplication               : YES
Optimize Instantiated Primitives   : NO
Use Clock Enable                   : Auto
Use Synchronous Set                : Auto
Use Synchronous Reset              : Auto
Pack IO Registers into IOBs        : Auto
Equivalent register Removal        : YES

---- General Options
Optimization Goal                  : Speed
Optimization Effort                : 1
Power Reduction                    : NO
Keep Hierarchy                     : No
Netlist Hierarchy                  : As_Optimized
RTL Output                         : Yes
Global Optimization                : AllClockNets
Read Cores                         : YES
Write Timing Constraints           : NO
Cross Clock Analysis               : NO
Hierarchy Separator                : /
Bus Delimiter                      : <>
Case Specifier                     : Maintain
Slice Utilization Ratio            : 100
BRAM Utilization Ratio             : 100
DSP48 Utilization Ratio            : 100
Auto BRAM Packing                  : NO
Slice Utilization Ratio Delta      : 5

=========================================================================


=========================================================================
*                          HDL Parsing                                  *
=========================================================================
Analyzing Verilog file "/home/nyati_pranav26/Pranav/SEM 5/COA_LAB/A5/KGP_miniRISC/lookahead_carry_unit.v" into library work
Parsing module <lookahead_carry_unit>.
Analyzing Verilog file "/home/nyati_pranav26/Pranav/SEM 5/COA_LAB/A5/KGP_miniRISC/cla_4_bit.v" into library work
Parsing module <cla_4_bit>.
Analyzing Verilog file "/home/nyati_pranav26/Pranav/SEM 5/COA_LAB/A5/KGP_miniRISC/cla_16_bit_LCU.v" into library work
Parsing module <cla_16bit_LCU>.

=========================================================================
*                            HDL Elaboration                            *
=========================================================================

Elaborating module <cla_16bit_LCU>.

Elaborating module <cla_4_bit>.

Elaborating module <lookahead_carry_unit>.

=========================================================================
*                           HDL Synthesis                               *
=========================================================================

Synthesizing Unit <cla_16bit_LCU>.
    Related source file is "/home/nyati_pranav26/Pranav/SEM 5/COA_LAB/A5/KGP_miniRISC/cla_16_bit_LCU.v".
    Summary:
	no macro.
Unit <cla_16bit_LCU> synthesized.

Synthesizing Unit <cla_4_bit>.
    Related source file is "/home/nyati_pranav26/Pranav/SEM 5/COA_LAB/A5/KGP_miniRISC/cla_4_bit.v".
    Summary:
Unit <cla_4_bit> synthesized.

Synthesizing Unit <lookahead_carry_unit>.
    Related source file is "/home/nyati_pranav26/Pranav/SEM 5/COA_LAB/A5/KGP_miniRISC/lookahead_carry_unit.v".
    Summary:
	no macro.
Unit <lookahead_carry_unit> synthesized.

=========================================================================
HDL Synthesis Report

Macro Statistics
# Xors                                                 : 8
 4-bit xor2                                            : 8

=========================================================================

=========================================================================
*                       Advanced HDL Synthesis                          *
=========================================================================


=========================================================================
Advanced HDL Synthesis Report

Macro Statistics
# Xors                                                 : 8
 4-bit xor2                                            : 8

=========================================================================

=========================================================================
*                         Low Level Synthesis                           *
=========================================================================

Optimizing unit <cla_16bit_LCU> ...

Mapping all equations...
Building and optimizing final netlist ...
Found area constraint ratio of 100 (+ 5) on block cla_16bit_LCU, actual ratio is 0.

Final Macro Processing ...

=========================================================================
Final Register Report

Found no macro
=========================================================================

=========================================================================
*                           Partition Report                            *
=========================================================================

Partition Implementation Status
-------------------------------

  No Partitions were found in this design.

-------------------------------

=========================================================================
*                            Design Summary                             *
=========================================================================

Top Level Output File Name         : cla_16bit_LCU.ngc

Primitive and Black Box Usage:
------------------------------
# BELS                             : 50
#      LUT2                        : 9
#      LUT3                        : 4
#      LUT4                        : 8
#      LUT5                        : 8
#      LUT6                        : 21
# IO Buffers                       : 52
#      IBUF                        : 33
#      OBUF                        : 19

Device utilization summary:
---------------------------

Selected Device : 7a100tcsg324-1 


Slice Logic Utilization: 
 Number of Slice LUTs:                   50  out of  63400     0%  
    Number used as Logic:                50  out of  63400     0%  

Slice Logic Distribution: 
 Number of LUT Flip Flop pairs used:     50
   Number with an unused Flip Flop:      50  out of     50   100%  
   Number with an unused LUT:             0  out of     50     0%  
   Number of fully used LUT-FF pairs:     0  out of     50     0%  
   Number of unique control sets:         0

IO Utilization: 
 Number of IOs:                          52
 Number of bonded IOBs:                  52  out of    210    24%  

Specific Feature Utilization:

---------------------------
Partition Resource Summary:
---------------------------

  No Partitions were found in this design.

---------------------------


=========================================================================
Timing Report

NOTE: THESE TIMING NUMBERS ARE ONLY A SYNTHESIS ESTIMATE.
      FOR ACCURATE TIMING INFORMATION PLEASE REFER TO THE TRACE REPORT
      GENERATED AFTER PLACE-and-ROUTE.

Clock Information:
------------------
No clock signals found in this design

Asynchronous Control Signals Information:
----------------------------------------
No asynchronous control signals found in this design

Timing Summary:
---------------
Speed Grade: -1

   Minimum period: No path found
   Minimum input arrival time before clock: No path found
   Maximum output required time after clock: No path found
   Maximum combinational path delay: 5.358ns

Timing Details:
---------------
All values displayed in nanoseconds (ns)

=========================================================================
Timing constraint: Default path analysis
  Total number of paths / destination ports: 789 / 19
-------------------------------------------------------------------------
Delay:               5.358ns (Levels of Logic = 7)
  Source:            in2_16bit<4> (PAD)
  Destination:       sum_16bit<10> (PAD)

  Data Path: in2_16bit<4> to sum_16bit<10>
                                Gate     Net
    Cell:in->out      fanout   Delay   Delay  Logical Name (Net Name)
    ----------------------------------------  ------------
     IBUF:I->O             5   0.001   0.563  in2_16bit_4_IBUF (in2_16bit_4_IBUF)
     LUT2:I0->O            1   0.124   0.939  cla_2/P_4bit_block<0>_SW0 (N6)
     LUT6:I0->O            4   0.124   0.939  cla_2/P_4bit_block<0> (P_array<1>)
     LUT5:I0->O            6   0.124   0.952  lcu_1/c_array<2><1>1 (carry<2>)
     LUT5:I0->O            2   0.124   0.945  cla_3/carry[0]_p[1]_AND_13_o1 (cla_3/carry[0]_p[1]_AND_13_o)
     LUT6:I0->O            1   0.124   0.399  cla_3/Mxor_sum_4bit_2_xo<0>1 (sum_16bit_10_OBUF)
     OBUF:I->O                 0.000          sum_16bit_10_OBUF (sum_16bit<10>)
    ----------------------------------------
    Total                      5.358ns (0.621ns logic, 4.737ns route)
                                       (11.6% logic, 88.4% route)

=========================================================================

Cross Clock Domains Report:
--------------------------

=========================================================================


Total REAL time to Xst completion: 4.00 secs
Total CPU time to Xst completion: 3.87 secs
 
--> 


Total memory usage is 479748 kilobytes

Number of errors   :    0 (   0 filtered)
Number of warnings :    0 (   0 filtered)
Number of infos    :    0 (   0 filtered)

