Release 14.7 - xst P.20131013 (lin64)
Copyright (c) 1995-2013 Xilinx, Inc.  All rights reserved.
--> 
Parameter TMPDIR set to xst/projnav.tmp


Total REAL time to Xst completion: 0.00 secs
Total CPU time to Xst completion: 0.02 secs
 
--> 
Parameter xsthdpdir set to xst


Total REAL time to Xst completion: 0.00 secs
Total CPU time to Xst completion: 0.02 secs
 
--> 
Reading design: clock_divider.prj

TABLE OF CONTENTS
  1) Synthesis Options Summary
  2) HDL Parsing
  3) HDL Elaboration
  4) HDL Synthesis
       4.1) HDL Synthesis Report
  5) Advanced HDL Synthesis
       5.1) Advanced HDL Synthesis Report
  6) Low Level Synthesis
  7) Partition Report
  8) Design Summary
       8.1) Primitive and Black Box Usage
       8.2) Device utilization summary
       8.3) Partition Resource Summary
       8.4) Timing Report
            8.4.1) Clock Information
            8.4.2) Asynchronous Control Signals Information
            8.4.3) Timing Summary
            8.4.4) Timing Details
            8.4.5) Cross Clock Domains Report


=========================================================================
*                      Synthesis Options Summary                        *
=========================================================================
---- Source Parameters
Input File Name                    : "clock_divider.prj"
Ignore Synthesis Constraint File   : NO

---- Target Parameters
Output File Name                   : "clock_divider"
Output Format                      : NGC
Target Device                      : xc7a100t-1-csg324

---- Source Options
Top Module Name                    : clock_divider
Automatic FSM Extraction           : YES
FSM Encoding Algorithm             : Auto
Safe Implementation                : No
FSM Style                          : LUT
RAM Extraction                     : Yes
RAM Style                          : Auto
ROM Extraction                     : Yes
Shift Register Extraction          : YES
ROM Style                          : Auto
Resource Sharing                   : YES
Asynchronous To Synchronous        : NO
Shift Register Minimum Size        : 2
Use DSP Block                      : Auto
Automatic Register Balancing       : No

---- Target Options
LUT Combining                      : Auto
Reduce Control Sets                : Auto
Add IO Buffers                     : YES
Global Maximum Fanout              : 100000
Add Generic Clock Buffer(BUFG)     : 32
Register Duplication               : YES
Optimize Instantiated Primitives   : NO
Use Clock Enable                   : Auto
Use Synchronous Set                : Auto
Use Synchronous Reset              : Auto
Pack IO Registers into IOBs        : Auto
Equivalent register Removal        : YES

---- General Options
Optimization Goal                  : Speed
Optimization Effort                : 1
Power Reduction                    : NO
Keep Hierarchy                     : No
Netlist Hierarchy                  : As_Optimized
RTL Output                         : Yes
Global Optimization                : AllClockNets
Read Cores                         : YES
Write Timing Constraints           : NO
Cross Clock Analysis               : NO
Hierarchy Separator                : /
Bus Delimiter                      : <>
Case Specifier                     : Maintain
Slice Utilization Ratio            : 100
BRAM Utilization Ratio             : 100
DSP48 Utilization Ratio            : 100
Auto BRAM Packing                  : NO
Slice Utilization Ratio Delta      : 5

---- Other Options
Cores Search Directories           : {"ipcore_dir"  }

=========================================================================


=========================================================================
*                          HDL Parsing                                  *
=========================================================================
Analyzing Verilog file "/home/nyati_pranav26/Pranav/SEM 5/COA_LAB/A5/KGP_miniRISC/clock_divider.v" into library work
Parsing module <clock_divider>.

=========================================================================
*                            HDL Elaboration                            *
=========================================================================

Elaborating module <clock_divider>.
WARNING:HDLCompiler:413 - "/home/nyati_pranav26/Pranav/SEM 5/COA_LAB/A5/KGP_miniRISC/clock_divider.v" Line 33: Result of 27-bit expression is truncated to fit in 26-bit target.

=========================================================================
*                           HDL Synthesis                               *
=========================================================================

Synthesizing Unit <clock_divider>.
    Related source file is "/home/nyati_pranav26/Pranav/SEM 5/COA_LAB/A5/KGP_miniRISC/clock_divider.v".
    Found 26-bit register for signal <counter>.
    Found 1-bit register for signal <out_clk>.
    Found 26-bit adder for signal <counter[25]_GND_1_o_add_0_OUT> created at line 33.
    Summary:
	inferred   1 Adder/Subtractor(s).
	inferred  27 D-type flip-flop(s).
Unit <clock_divider> synthesized.

=========================================================================
HDL Synthesis Report

Macro Statistics
# Adders/Subtractors                                   : 1
 26-bit adder                                          : 1
# Registers                                            : 2
 1-bit register                                        : 1
 26-bit register                                       : 1

=========================================================================

=========================================================================
*                       Advanced HDL Synthesis                          *
=========================================================================


Synthesizing (advanced) Unit <clock_divider>.
The following registers are absorbed into counter <counter>: 1 register on signal <counter>.
Unit <clock_divider> synthesized (advanced).

=========================================================================
Advanced HDL Synthesis Report

Macro Statistics
# Counters                                             : 1
 26-bit up counter                                     : 1
# Registers                                            : 1
 Flip-Flops                                            : 1

=========================================================================

=========================================================================
*                         Low Level Synthesis                           *
=========================================================================

Optimizing unit <clock_divider> ...

Mapping all equations...
Building and optimizing final netlist ...
Found area constraint ratio of 100 (+ 5) on block clock_divider, actual ratio is 0.

Final Macro Processing ...

=========================================================================
Final Register Report

Macro Statistics
# Registers                                            : 27
 Flip-Flops                                            : 27

=========================================================================

=========================================================================
*                           Partition Report                            *
=========================================================================

Partition Implementation Status
-------------------------------

  No Partitions were found in this design.

-------------------------------

=========================================================================
*                            Design Summary                             *
=========================================================================

Top Level Output File Name         : clock_divider.ngc

Primitive and Black Box Usage:
------------------------------
# BELS                             : 80
#      GND                         : 1
#      INV                         : 2
#      LUT1                        : 25
#      MUXCY                       : 25
#      VCC                         : 1
#      XORCY                       : 26
# FlipFlops/Latches                : 27
#      FDC                         : 26
#      FDE                         : 1
# Clock Buffers                    : 1
#      BUFGP                       : 1
# IO Buffers                       : 2
#      IBUF                        : 1
#      OBUF                        : 1

Device utilization summary:
---------------------------

Selected Device : 7a100tcsg324-1 


Slice Logic Utilization: 
 Number of Slice Registers:              27  out of  126800     0%  
 Number of Slice LUTs:                   27  out of  63400     0%  
    Number used as Logic:                27  out of  63400     0%  

Slice Logic Distribution: 
 Number of LUT Flip Flop pairs used:     28
   Number with an unused Flip Flop:       1  out of     28     3%  
   Number with an unused LUT:             1  out of     28     3%  
   Number of fully used LUT-FF pairs:    26  out of     28    92%  
   Number of unique control sets:         2

IO Utilization: 
 Number of IOs:                           3
 Number of bonded IOBs:                   3  out of    210     1%  

Specific Feature Utilization:
 Number of BUFG/BUFGCTRLs:                1  out of     32     3%  

---------------------------
Partition Resource Summary:
---------------------------

  No Partitions were found in this design.

---------------------------


=========================================================================
Timing Report

NOTE: THESE TIMING NUMBERS ARE ONLY A SYNTHESIS ESTIMATE.
      FOR ACCURATE TIMING INFORMATION PLEASE REFER TO THE TRACE REPORT
      GENERATED AFTER PLACE-and-ROUTE.

Clock Information:
------------------
-----------------------------------+------------------------+-------+
Clock Signal                       | Clock buffer(FF name)  | Load  |
-----------------------------------+------------------------+-------+
clk                                | BUFGP                  | 27    |
-----------------------------------+------------------------+-------+

Asynchronous Control Signals Information:
----------------------------------------
No asynchronous control signals found in this design

Timing Summary:
---------------
Speed Grade: -1

   Minimum period: 2.737ns (Maximum Frequency: 365.364MHz)
   Minimum input arrival time before clock: 1.235ns
   Maximum output required time after clock: 0.877ns
   Maximum combinational path delay: No path found

Timing Details:
---------------
All values displayed in nanoseconds (ns)

=========================================================================
Timing constraint: Default period analysis for Clock 'clk'
  Clock period: 2.737ns (frequency: 365.364MHz)
  Total number of paths / destination ports: 352 / 27
-------------------------------------------------------------------------
Delay:               2.737ns (Levels of Logic = 27)
  Source:            counter_0 (FF)
  Destination:       counter_25 (FF)
  Source Clock:      clk rising
  Destination Clock: clk rising

  Data Path: counter_0 to counter_25
                                Gate     Net
    Cell:in->out      fanout   Delay   Delay  Logical Name (Net Name)
    ----------------------------------------  ------------
     FDC:C->Q              1   0.478   0.399  counter_0 (counter_0)
     INV:I->O              1   0.146   0.000  Mcount_counter_lut<0>_INV_0 (Mcount_counter_lut<0>)
     MUXCY:S->O            1   0.472   0.000  Mcount_counter_cy<0> (Mcount_counter_cy<0>)
     MUXCY:CI->O           1   0.029   0.000  Mcount_counter_cy<1> (Mcount_counter_cy<1>)
     MUXCY:CI->O           1   0.029   0.000  Mcount_counter_cy<2> (Mcount_counter_cy<2>)
     MUXCY:CI->O           1   0.029   0.000  Mcount_counter_cy<3> (Mcount_counter_cy<3>)
     MUXCY:CI->O           1   0.029   0.000  Mcount_counter_cy<4> (Mcount_counter_cy<4>)
     MUXCY:CI->O           1   0.029   0.000  Mcount_counter_cy<5> (Mcount_counter_cy<5>)
     MUXCY:CI->O           1   0.029   0.000  Mcount_counter_cy<6> (Mcount_counter_cy<6>)
     MUXCY:CI->O           1   0.029   0.000  Mcount_counter_cy<7> (Mcount_counter_cy<7>)
     MUXCY:CI->O           1   0.029   0.000  Mcount_counter_cy<8> (Mcount_counter_cy<8>)
     MUXCY:CI->O           1   0.029   0.000  Mcount_counter_cy<9> (Mcount_counter_cy<9>)
     MUXCY:CI->O           1   0.029   0.000  Mcount_counter_cy<10> (Mcount_counter_cy<10>)
     MUXCY:CI->O           1   0.029   0.000  Mcount_counter_cy<11> (Mcount_counter_cy<11>)
     MUXCY:CI->O           1   0.029   0.000  Mcount_counter_cy<12> (Mcount_counter_cy<12>)
     MUXCY:CI->O           1   0.029   0.000  Mcount_counter_cy<13> (Mcount_counter_cy<13>)
     MUXCY:CI->O           1   0.029   0.000  Mcount_counter_cy<14> (Mcount_counter_cy<14>)
     MUXCY:CI->O           1   0.029   0.000  Mcount_counter_cy<15> (Mcount_counter_cy<15>)
     MUXCY:CI->O           1   0.029   0.000  Mcount_counter_cy<16> (Mcount_counter_cy<16>)
     MUXCY:CI->O           1   0.029   0.000  Mcount_counter_cy<17> (Mcount_counter_cy<17>)
     MUXCY:CI->O           1   0.029   0.000  Mcount_counter_cy<18> (Mcount_counter_cy<18>)
     MUXCY:CI->O           1   0.029   0.000  Mcount_counter_cy<19> (Mcount_counter_cy<19>)
     MUXCY:CI->O           1   0.029   0.000  Mcount_counter_cy<20> (Mcount_counter_cy<20>)
     MUXCY:CI->O           1   0.029   0.000  Mcount_counter_cy<21> (Mcount_counter_cy<21>)
     MUXCY:CI->O           1   0.029   0.000  Mcount_counter_cy<22> (Mcount_counter_cy<22>)
     MUXCY:CI->O           1   0.029   0.000  Mcount_counter_cy<23> (Mcount_counter_cy<23>)
     MUXCY:CI->O           0   0.029   0.000  Mcount_counter_cy<24> (Mcount_counter_cy<24>)
     XORCY:CI->O           1   0.510   0.000  Mcount_counter_xor<25> (Result<25>)
     FDC:D                     0.030          counter_25
    ----------------------------------------
    Total                      2.737ns (2.338ns logic, 0.399ns route)
                                       (85.4% logic, 14.6% route)

=========================================================================
Timing constraint: Default OFFSET IN BEFORE for Clock 'clk'
  Total number of paths / destination ports: 27 / 27
-------------------------------------------------------------------------
Offset:              1.235ns (Levels of Logic = 2)
  Source:            rst (PAD)
  Destination:       out_clk (FF)
  Destination Clock: clk rising

  Data Path: rst to out_clk
                                Gate     Net
    Cell:in->out      fanout   Delay   Delay  Logical Name (Net Name)
    ----------------------------------------  ------------
     IBUF:I->O            27   0.001   0.550  rst_IBUF (rst_IBUF)
     INV:I->O              1   0.146   0.399  rst_inv1_INV_0 (rst_inv)
     FDE:CE                    0.139          out_clk
    ----------------------------------------
    Total                      1.235ns (0.286ns logic, 0.949ns route)
                                       (23.1% logic, 76.9% route)

=========================================================================
Timing constraint: Default OFFSET OUT AFTER for Clock 'clk'
  Total number of paths / destination ports: 1 / 1
-------------------------------------------------------------------------
Offset:              0.877ns (Levels of Logic = 1)
  Source:            out_clk (FF)
  Destination:       out_clk (PAD)
  Source Clock:      clk rising

  Data Path: out_clk to out_clk
                                Gate     Net
    Cell:in->out      fanout   Delay   Delay  Logical Name (Net Name)
    ----------------------------------------  ------------
     FDE:C->Q              1   0.478   0.399  out_clk (out_clk_OBUF)
     OBUF:I->O                 0.000          out_clk_OBUF (out_clk)
    ----------------------------------------
    Total                      0.877ns (0.478ns logic, 0.399ns route)
                                       (54.5% logic, 45.5% route)

=========================================================================

Cross Clock Domains Report:
--------------------------

Clock to Setup on destination clock clk
---------------+---------+---------+---------+---------+
               | Src:Rise| Src:Fall| Src:Rise| Src:Fall|
Source Clock   |Dest:Rise|Dest:Rise|Dest:Fall|Dest:Fall|
---------------+---------+---------+---------+---------+
clk            |    2.737|         |         |         |
---------------+---------+---------+---------+---------+

=========================================================================


Total REAL time to Xst completion: 4.00 secs
Total CPU time to Xst completion: 3.89 secs
 
--> 


Total memory usage is 487796 kilobytes

Number of errors   :    0 (   0 filtered)
Number of warnings :    1 (   0 filtered)
Number of infos    :    0 (   0 filtered)

