Release 14.7 - xst P.20131013 (lin64)
Copyright (c) 1995-2013 Xilinx, Inc.  All rights reserved.
--> 
Parameter TMPDIR set to xst/projnav.tmp


Total REAL time to Xst completion: 0.00 secs
Total CPU time to Xst completion: 0.02 secs
 
--> 
Parameter xsthdpdir set to xst


Total REAL time to Xst completion: 0.00 secs
Total CPU time to Xst completion: 0.02 secs
 
--> 
Reading design: shift_module.prj

TABLE OF CONTENTS
  1) Synthesis Options Summary
  2) HDL Parsing
  3) HDL Elaboration
  4) HDL Synthesis
       4.1) HDL Synthesis Report
  5) Advanced HDL Synthesis
       5.1) Advanced HDL Synthesis Report
  6) Low Level Synthesis
  7) Partition Report
  8) Design Summary
       8.1) Primitive and Black Box Usage
       8.2) Device utilization summary
       8.3) Partition Resource Summary
       8.4) Timing Report
            8.4.1) Clock Information
            8.4.2) Asynchronous Control Signals Information
            8.4.3) Timing Summary
            8.4.4) Timing Details
            8.4.5) Cross Clock Domains Report


=========================================================================
*                      Synthesis Options Summary                        *
=========================================================================
---- Source Parameters
Input File Name                    : "shift_module.prj"
Ignore Synthesis Constraint File   : NO

---- Target Parameters
Output File Name                   : "shift_module"
Output Format                      : NGC
Target Device                      : xc7a100t-1-csg324

---- Source Options
Top Module Name                    : shift_module
Automatic FSM Extraction           : YES
FSM Encoding Algorithm             : Auto
Safe Implementation                : No
FSM Style                          : LUT
RAM Extraction                     : Yes
RAM Style                          : Auto
ROM Extraction                     : Yes
Shift Register Extraction          : YES
ROM Style                          : Auto
Resource Sharing                   : YES
Asynchronous To Synchronous        : NO
Shift Register Minimum Size        : 2
Use DSP Block                      : Auto
Automatic Register Balancing       : No

---- Target Options
LUT Combining                      : Auto
Reduce Control Sets                : Auto
Add IO Buffers                     : YES
Global Maximum Fanout              : 100000
Add Generic Clock Buffer(BUFG)     : 32
Register Duplication               : YES
Optimize Instantiated Primitives   : NO
Use Clock Enable                   : Auto
Use Synchronous Set                : Auto
Use Synchronous Reset              : Auto
Pack IO Registers into IOBs        : Auto
Equivalent register Removal        : YES

---- General Options
Optimization Goal                  : Speed
Optimization Effort                : 1
Power Reduction                    : NO
Keep Hierarchy                     : No
Netlist Hierarchy                  : As_Optimized
RTL Output                         : Yes
Global Optimization                : AllClockNets
Read Cores                         : YES
Write Timing Constraints           : NO
Cross Clock Analysis               : NO
Hierarchy Separator                : /
Bus Delimiter                      : <>
Case Specifier                     : Maintain
Slice Utilization Ratio            : 100
BRAM Utilization Ratio             : 100
DSP48 Utilization Ratio            : 100
Auto BRAM Packing                  : NO
Slice Utilization Ratio Delta      : 5

=========================================================================


=========================================================================
*                          HDL Parsing                                  *
=========================================================================
Analyzing Verilog file "/home/nyati_pranav26/Pranav/SEM 5/COA_LAB/A5/KGP_miniRISC/shift_module.v" into library work
Parsing module <shift_module>.

=========================================================================
*                            HDL Elaboration                            *
=========================================================================

Elaborating module <shift_module>.

=========================================================================
*                           HDL Synthesis                               *
=========================================================================

Synthesizing Unit <shift_module>.
    Related source file is "/home/nyati_pranav26/Pranav/SEM 5/COA_LAB/A5/KGP_miniRISC/shift_module.v".
    Found 32-bit shifter logical left for signal <in[31]_shift_amt[10]_shift_left_1_OUT> created at line 35
    Found 32-bit shifter logical right for signal <in[31]_shift_amt[10]_shift_right_3_OUT> created at line 39
    Found 32-bit shifter logical left for signal <in[31]_shift_amt[31]_shift_left_5_OUT> created at line 42
    Found 32-bit shifter logical right for signal <in[31]_shift_amt[31]_shift_right_7_OUT> created at line 45
    Found 32-bit shifter arithmetic right for signal <in[31]_shift_amt[10]_shift_right_9_OUT> created at line 49
    Found 32-bit shifter arithmetic right for signal <in[31]_shift_amt[31]_shift_right_11_OUT> created at line 52
    Found 1-bit 6-to-1 multiplexer for signal <shifted_val[31]_in[31]_MUX_742_o> created at line 37.
    Found 1-bit 6-to-1 multiplexer for signal <shifted_val[31]_in[31]_MUX_748_o> created at line 37.
    Found 1-bit 6-to-1 multiplexer for signal <shifted_val[31]_in[31]_MUX_754_o> created at line 37.
    Found 1-bit 6-to-1 multiplexer for signal <shifted_val[31]_in[31]_MUX_760_o> created at line 37.
    Found 1-bit 6-to-1 multiplexer for signal <shifted_val[31]_in[31]_MUX_766_o> created at line 37.
    Found 1-bit 6-to-1 multiplexer for signal <shifted_val[31]_in[31]_MUX_772_o> created at line 37.
    Found 1-bit 6-to-1 multiplexer for signal <shifted_val[31]_in[31]_MUX_778_o> created at line 37.
    Found 1-bit 6-to-1 multiplexer for signal <shifted_val[31]_in[31]_MUX_784_o> created at line 37.
    Found 1-bit 6-to-1 multiplexer for signal <shifted_val[31]_in[31]_MUX_790_o> created at line 37.
    Found 1-bit 6-to-1 multiplexer for signal <shifted_val[31]_in[31]_MUX_796_o> created at line 37.
    Found 1-bit 6-to-1 multiplexer for signal <shifted_val[31]_in[31]_MUX_802_o> created at line 37.
    Found 1-bit 6-to-1 multiplexer for signal <shifted_val[31]_in[31]_MUX_808_o> created at line 37.
    Found 1-bit 6-to-1 multiplexer for signal <shifted_val[31]_in[31]_MUX_814_o> created at line 37.
    Found 1-bit 6-to-1 multiplexer for signal <shifted_val[31]_in[31]_MUX_820_o> created at line 37.
    Found 1-bit 6-to-1 multiplexer for signal <shifted_val[31]_in[31]_MUX_826_o> created at line 37.
    Found 1-bit 6-to-1 multiplexer for signal <shifted_val[31]_in[31]_MUX_832_o> created at line 37.
    Found 1-bit 6-to-1 multiplexer for signal <shifted_val[31]_in[31]_MUX_838_o> created at line 37.
    Found 1-bit 6-to-1 multiplexer for signal <shifted_val[31]_in[31]_MUX_844_o> created at line 37.
    Found 1-bit 6-to-1 multiplexer for signal <shifted_val[31]_in[31]_MUX_850_o> created at line 37.
    Found 1-bit 6-to-1 multiplexer for signal <shifted_val[31]_in[31]_MUX_856_o> created at line 37.
    Found 1-bit 6-to-1 multiplexer for signal <shifted_val[31]_in[31]_MUX_862_o> created at line 37.
    Found 1-bit 6-to-1 multiplexer for signal <shifted_val[31]_in[31]_MUX_868_o> created at line 37.
    Found 1-bit 6-to-1 multiplexer for signal <shifted_val[31]_in[31]_MUX_874_o> created at line 37.
    Found 1-bit 6-to-1 multiplexer for signal <shifted_val[31]_in[31]_MUX_880_o> created at line 37.
    Found 1-bit 6-to-1 multiplexer for signal <shifted_val[31]_in[31]_MUX_886_o> created at line 37.
    Found 1-bit 6-to-1 multiplexer for signal <shifted_val[31]_in[31]_MUX_892_o> created at line 37.
    Found 1-bit 6-to-1 multiplexer for signal <shifted_val[31]_in[31]_MUX_898_o> created at line 37.
    Found 1-bit 6-to-1 multiplexer for signal <shifted_val[31]_in[31]_MUX_904_o> created at line 37.
    Found 1-bit 6-to-1 multiplexer for signal <shifted_val[31]_in[31]_MUX_910_o> created at line 37.
    Found 1-bit 6-to-1 multiplexer for signal <shifted_val[31]_in[31]_MUX_916_o> created at line 37.
    Found 1-bit 6-to-1 multiplexer for signal <shifted_val[31]_in[31]_MUX_922_o> created at line 37.
    Found 1-bit 6-to-1 multiplexer for signal <shifted_val[31]_in[31]_MUX_928_o> created at line 37.
WARNING:Xst:737 - Found 1-bit latch for signal <shifted_val<30>>. Latches may be generated from incomplete case or if statements. We do not recommend the use of latches in FPGA/CPLD designs, as they may lead to timing problems.
WARNING:Xst:737 - Found 1-bit latch for signal <shifted_val<29>>. Latches may be generated from incomplete case or if statements. We do not recommend the use of latches in FPGA/CPLD designs, as they may lead to timing problems.
WARNING:Xst:737 - Found 1-bit latch for signal <shifted_val<28>>. Latches may be generated from incomplete case or if statements. We do not recommend the use of latches in FPGA/CPLD designs, as they may lead to timing problems.
WARNING:Xst:737 - Found 1-bit latch for signal <shifted_val<27>>. Latches may be generated from incomplete case or if statements. We do not recommend the use of latches in FPGA/CPLD designs, as they may lead to timing problems.
WARNING:Xst:737 - Found 1-bit latch for signal <shifted_val<26>>. Latches may be generated from incomplete case or if statements. We do not recommend the use of latches in FPGA/CPLD designs, as they may lead to timing problems.
WARNING:Xst:737 - Found 1-bit latch for signal <shifted_val<25>>. Latches may be generated from incomplete case or if statements. We do not recommend the use of latches in FPGA/CPLD designs, as they may lead to timing problems.
WARNING:Xst:737 - Found 1-bit latch for signal <shifted_val<24>>. Latches may be generated from incomplete case or if statements. We do not recommend the use of latches in FPGA/CPLD designs, as they may lead to timing problems.
WARNING:Xst:737 - Found 1-bit latch for signal <shifted_val<23>>. Latches may be generated from incomplete case or if statements. We do not recommend the use of latches in FPGA/CPLD designs, as they may lead to timing problems.
WARNING:Xst:737 - Found 1-bit latch for signal <shifted_val<22>>. Latches may be generated from incomplete case or if statements. We do not recommend the use of latches in FPGA/CPLD designs, as they may lead to timing problems.
WARNING:Xst:737 - Found 1-bit latch for signal <shifted_val<21>>. Latches may be generated from incomplete case or if statements. We do not recommend the use of latches in FPGA/CPLD designs, as they may lead to timing problems.
WARNING:Xst:737 - Found 1-bit latch for signal <shifted_val<20>>. Latches may be generated from incomplete case or if statements. We do not recommend the use of latches in FPGA/CPLD designs, as they may lead to timing problems.
WARNING:Xst:737 - Found 1-bit latch for signal <shifted_val<19>>. Latches may be generated from incomplete case or if statements. We do not recommend the use of latches in FPGA/CPLD designs, as they may lead to timing problems.
WARNING:Xst:737 - Found 1-bit latch for signal <shifted_val<18>>. Latches may be generated from incomplete case or if statements. We do not recommend the use of latches in FPGA/CPLD designs, as they may lead to timing problems.
WARNING:Xst:737 - Found 1-bit latch for signal <shifted_val<17>>. Latches may be generated from incomplete case or if statements. We do not recommend the use of latches in FPGA/CPLD designs, as they may lead to timing problems.
WARNING:Xst:737 - Found 1-bit latch for signal <shifted_val<16>>. Latches may be generated from incomplete case or if statements. We do not recommend the use of latches in FPGA/CPLD designs, as they may lead to timing problems.
WARNING:Xst:737 - Found 1-bit latch for signal <shifted_val<15>>. Latches may be generated from incomplete case or if statements. We do not recommend the use of latches in FPGA/CPLD designs, as they may lead to timing problems.
WARNING:Xst:737 - Found 1-bit latch for signal <shifted_val<14>>. Latches may be generated from incomplete case or if statements. We do not recommend the use of latches in FPGA/CPLD designs, as they may lead to timing problems.
WARNING:Xst:737 - Found 1-bit latch for signal <shifted_val<13>>. Latches may be generated from incomplete case or if statements. We do not recommend the use of latches in FPGA/CPLD designs, as they may lead to timing problems.
WARNING:Xst:737 - Found 1-bit latch for signal <shifted_val<12>>. Latches may be generated from incomplete case or if statements. We do not recommend the use of latches in FPGA/CPLD designs, as they may lead to timing problems.
WARNING:Xst:737 - Found 1-bit latch for signal <shifted_val<11>>. Latches may be generated from incomplete case or if statements. We do not recommend the use of latches in FPGA/CPLD designs, as they may lead to timing problems.
WARNING:Xst:737 - Found 1-bit latch for signal <shifted_val<10>>. Latches may be generated from incomplete case or if statements. We do not recommend the use of latches in FPGA/CPLD designs, as they may lead to timing problems.
WARNING:Xst:737 - Found 1-bit latch for signal <shifted_val<9>>. Latches may be generated from incomplete case or if statements. We do not recommend the use of latches in FPGA/CPLD designs, as they may lead to timing problems.
WARNING:Xst:737 - Found 1-bit latch for signal <shifted_val<8>>. Latches may be generated from incomplete case or if statements. We do not recommend the use of latches in FPGA/CPLD designs, as they may lead to timing problems.
WARNING:Xst:737 - Found 1-bit latch for signal <shifted_val<7>>. Latches may be generated from incomplete case or if statements. We do not recommend the use of latches in FPGA/CPLD designs, as they may lead to timing problems.
WARNING:Xst:737 - Found 1-bit latch for signal <shifted_val<6>>. Latches may be generated from incomplete case or if statements. We do not recommend the use of latches in FPGA/CPLD designs, as they may lead to timing problems.
WARNING:Xst:737 - Found 1-bit latch for signal <shifted_val<5>>. Latches may be generated from incomplete case or if statements. We do not recommend the use of latches in FPGA/CPLD designs, as they may lead to timing problems.
WARNING:Xst:737 - Found 1-bit latch for signal <shifted_val<4>>. Latches may be generated from incomplete case or if statements. We do not recommend the use of latches in FPGA/CPLD designs, as they may lead to timing problems.
WARNING:Xst:737 - Found 1-bit latch for signal <shifted_val<3>>. Latches may be generated from incomplete case or if statements. We do not recommend the use of latches in FPGA/CPLD designs, as they may lead to timing problems.
WARNING:Xst:737 - Found 1-bit latch for signal <shifted_val<2>>. Latches may be generated from incomplete case or if statements. We do not recommend the use of latches in FPGA/CPLD designs, as they may lead to timing problems.
WARNING:Xst:737 - Found 1-bit latch for signal <shifted_val<1>>. Latches may be generated from incomplete case or if statements. We do not recommend the use of latches in FPGA/CPLD designs, as they may lead to timing problems.
WARNING:Xst:737 - Found 1-bit latch for signal <shifted_val<0>>. Latches may be generated from incomplete case or if statements. We do not recommend the use of latches in FPGA/CPLD designs, as they may lead to timing problems.
WARNING:Xst:737 - Found 1-bit latch for signal <shifted_val<31>>. Latches may be generated from incomplete case or if statements. We do not recommend the use of latches in FPGA/CPLD designs, as they may lead to timing problems.
    Summary:
	inferred  32 Latch(s).
	inferred  35 Multiplexer(s).
	inferred   6 Combinational logic shifter(s).
Unit <shift_module> synthesized.

=========================================================================
HDL Synthesis Report

Macro Statistics
# Latches                                              : 32
 1-bit latch                                           : 32
# Multiplexers                                         : 35
 1-bit 6-to-1 multiplexer                              : 32
 32-bit 2-to-1 multiplexer                             : 3
# Logic shifters                                       : 6
 32-bit shifter arithmetic right                       : 2
 32-bit shifter logical left                           : 2
 32-bit shifter logical right                          : 2

=========================================================================

=========================================================================
*                       Advanced HDL Synthesis                          *
=========================================================================


=========================================================================
Advanced HDL Synthesis Report

Macro Statistics
# Multiplexers                                         : 35
 1-bit 6-to-1 multiplexer                              : 32
 32-bit 2-to-1 multiplexer                             : 3
# Logic shifters                                       : 6
 32-bit shifter arithmetic right                       : 2
 32-bit shifter logical left                           : 2
 32-bit shifter logical right                          : 2

=========================================================================

=========================================================================
*                         Low Level Synthesis                           *
=========================================================================

Optimizing unit <shift_module> ...

Mapping all equations...
Building and optimizing final netlist ...
Found area constraint ratio of 100 (+ 5) on block shift_module, actual ratio is 1.

Final Macro Processing ...

=========================================================================
Final Register Report

Found no macro
=========================================================================

=========================================================================
*                           Partition Report                            *
=========================================================================

Partition Implementation Status
-------------------------------

  No Partitions were found in this design.

-------------------------------

=========================================================================
*                            Design Summary                             *
=========================================================================

Top Level Output File Name         : shift_module.ngc

Primitive and Black Box Usage:
------------------------------
# BELS                             : 530
#      LUT2                        : 6
#      LUT3                        : 76
#      LUT4                        : 34
#      LUT5                        : 119
#      LUT6                        : 290
#      MUXF7                       : 5
# FlipFlops/Latches                : 32
#      LD                          : 32
# Clock Buffers                    : 1
#      BUFG                        : 1
# IO Buffers                       : 101
#      IBUF                        : 69
#      OBUF                        : 32

Device utilization summary:
---------------------------

Selected Device : 7a100tcsg324-1 


Slice Logic Utilization: 
 Number of Slice LUTs:                  525  out of  63400     0%  
    Number used as Logic:               525  out of  63400     0%  

Slice Logic Distribution: 
 Number of LUT Flip Flop pairs used:    525
   Number with an unused Flip Flop:     525  out of    525   100%  
   Number with an unused LUT:             0  out of    525     0%  
   Number of fully used LUT-FF pairs:     0  out of    525     0%  
   Number of unique control sets:         1

IO Utilization: 
 Number of IOs:                         101
 Number of bonded IOBs:                 101  out of    210    48%  
    IOB Flip Flops/Latches:              32

Specific Feature Utilization:
 Number of BUFG/BUFGCTRLs:                1  out of     32     3%  

---------------------------
Partition Resource Summary:
---------------------------

  No Partitions were found in this design.

---------------------------


=========================================================================
Timing Report

NOTE: THESE TIMING NUMBERS ARE ONLY A SYNTHESIS ESTIMATE.
      FOR ACCURATE TIMING INFORMATION PLEASE REFER TO THE TRACE REPORT
      GENERATED AFTER PLACE-and-ROUTE.

Clock Information:
------------------
---------------------------------------------------------------------------------------+------------------------+-------+
Clock Signal                                                                           | Clock buffer(FF name)  | Load  |
---------------------------------------------------------------------------------------+------------------------+-------+
control_ALUop[4]_control_ALUop[4]_OR_61_o(control_ALUop[4]_control_ALUop[4]_OR_61_o1:O)| BUFG(*)(shifted_val_31)| 32    |
---------------------------------------------------------------------------------------+------------------------+-------+
(*) This 1 clock signal(s) are generated by combinatorial logic,
and XST is not able to identify which are the primary clock signals.
Please use the CLOCK_SIGNAL constraint to specify the clock signal(s) generated by combinatorial logic.

Asynchronous Control Signals Information:
----------------------------------------
No asynchronous control signals found in this design

Timing Summary:
---------------
Speed Grade: -1

   Minimum period: No path found
   Minimum input arrival time before clock: 5.719ns
   Maximum output required time after clock: 1.024ns
   Maximum combinational path delay: No path found

Timing Details:
---------------
All values displayed in nanoseconds (ns)

=========================================================================
Timing constraint: Default OFFSET IN BEFORE for Clock 'control_ALUop[4]_control_ALUop[4]_OR_61_o'
  Total number of paths / destination ports: 8973 / 32
-------------------------------------------------------------------------
Offset:              5.719ns (Levels of Logic = 7)
  Source:            shift_amt<31> (PAD)
  Destination:       shifted_val_26 (LATCH)
  Destination Clock: control_ALUop[4]_control_ALUop[4]_OR_61_o falling

  Data Path: shift_amt<31> to shifted_val_26
                                Gate     Net
    Cell:in->out      fanout   Delay   Delay  Logical Name (Net Name)
    ----------------------------------------  ------------
     IBUF:I->O             1   0.001   0.939  shift_amt_31_IBUF (shift_amt_31_IBUF)
     LUT6:I0->O            1   0.124   0.939  out2 (out1)
     LUT6:I0->O           36   0.124   0.869  out7 (_n0284)
     LUT3:I0->O           13   0.124   0.856  Mmux_shifted_val[31]_in[31]_MUX_742_o11121 (Mmux_shifted_val[31]_in[31]_MUX_742_o1112)
     LUT5:I1->O            1   0.124   0.939  Mmux_shifted_val[31]_in[31]_MUX_742_o1127 (Mmux_shifted_val[31]_in[31]_MUX_742_o1126)
     LUT6:I0->O            1   0.124   0.421  Mmux_shifted_val[31]_in[31]_MUX_742_o1128_SW0 (N48)
     LUT6:I5->O            1   0.124   0.000  Mmux_shifted_val[31]_in[31]_MUX_742_o1128 (shifted_val[31]_in[31]_MUX_778_o)
     LD:D                      0.011          shifted_val_25
    ----------------------------------------
    Total                      5.719ns (0.756ns logic, 4.963ns route)
                                       (13.2% logic, 86.8% route)

=========================================================================
Timing constraint: Default OFFSET OUT AFTER for Clock 'control_ALUop[4]_control_ALUop[4]_OR_61_o'
  Total number of paths / destination ports: 32 / 32
-------------------------------------------------------------------------
Offset:              1.024ns (Levels of Logic = 1)
  Source:            shifted_val_31 (LATCH)
  Destination:       shifted_val<31> (PAD)
  Source Clock:      control_ALUop[4]_control_ALUop[4]_OR_61_o falling

  Data Path: shifted_val_31 to shifted_val<31>
                                Gate     Net
    Cell:in->out      fanout   Delay   Delay  Logical Name (Net Name)
    ----------------------------------------  ------------
     LD:G->Q               1   0.625   0.399  shifted_val_31 (shifted_val_31)
     OBUF:I->O                 0.000          shifted_val_31_OBUF (shifted_val<31>)
    ----------------------------------------
    Total                      1.024ns (0.625ns logic, 0.399ns route)
                                       (61.0% logic, 39.0% route)

=========================================================================

Cross Clock Domains Report:
--------------------------

=========================================================================


Total REAL time to Xst completion: 6.00 secs
Total CPU time to Xst completion: 5.50 secs
 
--> 


Total memory usage is 480436 kilobytes

Number of errors   :    0 (   0 filtered)
Number of warnings :   32 (   0 filtered)
Number of infos    :    0 (   0 filtered)

